# JRE version: Java(TM) SE Runtime Environment (8.0_221-b11) (build 1.8.0_221-b11)
# Java VM: Java HotSpot(TM) 64-Bit Server VM (25.221-b11 mixed mode windows-amd64 compressed oops)
Heap:
 PSYoungGen      total 147968K, used 70322K [0x00000000f5580000, 0x00000000fff80000, 0x0000000100000000)
  eden space 121856K, 44% used [0x00000000f5580000,0x00000000f8a48680,0x00000000fcc80000)
  from space 26112K, 62% used [0x00000000fcc80000,0x00000000fdc641b0,0x00000000fe600000)
  to   space 26112K, 0% used [0x00000000fe600000,0x00000000fe600000,0x00000000fff80000)
 ParOldGen       total 175104K, used 151501K [0x00000000e0000000, 0x00000000eab00000, 0x00000000f5580000)
  object space 175104K, 86% used [0x00000000e0000000,0x00000000e93f3698,0x00000000eab00000)
 Metaspace       used 109481K, capacity 117506K, committed 117680K, reserved 1150976K
  class space    used 14219K, capacity 15921K, committed 16048K, reserved 1048576K
GC Heap History (10 events):
Event: 35994.748 GC heap before
{Heap before GC invocations=66 (full 5):
 PSYoungGen      total 145408K, used 134411K [0x00000000f5580000, 0x00000000ffd80000, 0x0000000100000000)
  eden space 121856K, 100% used [0x00000000f5580000,0x00000000fcc80000,0x00000000fcc80000)
  from space 23552K, 53% used [0x00000000fe680000,0x00000000ff2c2c88,0x00000000ffd80000)
  to   space 25088K, 0% used [0x00000000fcc80000,0x00000000fcc80000,0x00000000fe500000)
 ParOldGen       total 175104K, used 126338K [0x00000000e0000000, 0x00000000eab00000, 0x00000000f5580000)
  object space 175104K, 72% used [0x00000000e0000000,0x00000000e7b60b30,0x00000000eab00000)
 Metaspace       used 107916K, capacity 115794K, committed 115888K, reserved 1148928K
  class space    used 14091K, capacity 15779K, committed 15792K, reserved 1048576K
Event: 35995.455 GC heap after
Heap after GC invocations=66 (full 5):
 PSYoungGen      total 146944K, used 18548K [0x00000000f5580000, 0x0000000100000000, 0x0000000100000000)
  eden space 121856K, 0% used [0x00000000f5580000,0x00000000f5580000,0x00000000fcc80000)
  from space 25088K, 73% used [0x00000000fcc80000,0x00000000fde9d050,0x00000000fe500000)
  to   space 26112K, 0% used [0x00000000fe680000,0x00000000fe680000,0x0000000100000000)
 ParOldGen       total 175104K, used 130696K [0x00000000e0000000, 0x00000000eab00000, 0x00000000f5580000)
  object space 175104K, 74% used [0x00000000e0000000,0x00000000e7fa2038,0x00000000eab00000)
 Metaspace       used 107916K, capacity 115794K, committed 115888K, reserved 1148928K
  class space    used 14091K, capacity 15779K, committed 15792K, reserved 1048576K
}
Event: 36014.236 GC heap before
{Heap before GC invocations=67 (full 5):
 PSYoungGen      total 146944K, used 140404K [0x00000000f5580000, 0x0000000100000000, 0x0000000100000000)
  eden space 121856K, 100% used [0x00000000f5580000,0x00000000fcc80000,0x00000000fcc80000)
  from space 25088K, 73% used [0x00000000fcc80000,0x00000000fde9d050,0x00000000fe500000)
  to   space 26112K, 0% used [0x00000000fe680000,0x00000000fe680000,0x0000000100000000)
 ParOldGen       total 175104K, used 130696K [0x00000000e0000000, 0x00000000eab00000, 0x00000000f5580000)
  object space 175104K, 74% used [0x00000000e0000000,0x00000000e7fa2038,0x00000000eab00000)
 Metaspace       used 108171K, capacity 116086K, committed 116144K, reserved 1148928K
  class space    used 14095K, capacity 15785K, committed 15792K, reserved 1048576K
Event: 36015.240 GC heap after
Heap after GC invocations=67 (full 5):
 PSYoungGen      total 148992K, used 13701K [0x00000000f5580000, 0x0000000100000000, 0x0000000100000000)
  eden space 122880K, 0% used [0x00000000f5580000,0x00000000f5580000,0x00000000fcd80000)
  from space 26112K, 52% used [0x00000000fe680000,0x00000000ff3e1750,0x0000000100000000)
  to   space 25600K, 0% used [0x00000000fcd80000,0x00000000fcd80000,0x00000000fe680000)
 ParOldGen       total 175104K, used 137795K [0x00000000e0000000, 0x00000000eab00000, 0x00000000f5580000)
  object space 175104K, 78% used [0x00000000e0000000,0x00000000e8690d10,0x00000000eab00000)
 Metaspace       used 108171K, capacity 116086K, committed 116144K, reserved 1148928K
  class space    used 14095K, capacity 15785K, committed 15792K, reserved 1048576K
}
Event: 36026.540 GC heap before
{Heap before GC invocations=68 (full 5):
 PSYoungGen      total 148992K, used 136581K [0x00000000f5580000, 0x0000000100000000, 0x0000000100000000)
  eden space 122880K, 100% used [0x00000000f5580000,0x00000000fcd80000,0x00000000fcd80000)
  from space 26112K, 52% used [0x00000000fe680000,0x00000000ff3e1750,0x0000000100000000)
  to   space 25600K, 0% used [0x00000000fcd80000,0x00000000fcd80000,0x00000000fe680000)
 ParOldGen       total 175104K, used 137795K [0x00000000e0000000, 0x00000000eab00000, 0x00000000f5580000)
  object space 175104K, 78% used [0x00000000e0000000,0x00000000e8690d10,0x00000000eab00000)
 Metaspace       used 108311K, capacity 116220K, committed 116400K, reserved 1150976K
  class space    used 14097K, capacity 15786K, committed 15792K, reserved 1048576K
Event: 36026.814 GC heap after
Heap after GC invocations=68 (full 5):
 PSYoungGen      total 141824K, used 18529K [0x00000000f5580000, 0x0000000100000000, 0x0000000100000000)
  eden space 122880K, 0% used [0x00000000f5580000,0x00000000f5580000,0x00000000fcd80000)
  from space 18944K, 97% used [0x00000000fcd80000,0x00000000fdf98670,0x00000000fe000000)
  to   space 26624K, 0% used [0x00000000fe600000,0x00000000fe600000,0x0000000100000000)
 ParOldGen       total 175104K, used 145627K [0x00000000e0000000, 0x00000000eab00000, 0x00000000f5580000)
  object space 175104K, 83% used [0x00000000e0000000,0x00000000e8e36e78,0x00000000eab00000)
 Metaspace       used 108311K, capacity 116220K, committed 116400K, reserved 1150976K
  class space    used 14097K, capacity 15786K, committed 15792K, reserved 1048576K
}
Event: 36036.820 GC heap before
{Heap before GC invocations=69 (full 5):
 PSYoungGen      total 141824K, used 141409K [0x00000000f5580000, 0x0000000100000000, 0x0000000100000000)
  eden space 122880K, 100% used [0x00000000f5580000,0x00000000fcd80000,0x00000000fcd80000)
  from space 18944K, 97% used [0x00000000fcd80000,0x00000000fdf98670,0x00000000fe000000)
  to   space 26624K, 0% used [0x00000000fe600000,0x00000000fe600000,0x0000000100000000)
 ParOldGen       total 175104K, used 145627K [0x00000000e0000000, 0x00000000eab00000, 0x00000000f5580000)
  object space 175104K, 83% used [0x00000000e0000000,0x00000000e8e36e78,0x00000000eab00000)
 Metaspace       used 108442K, capacity 116406K, committed 116784K, reserved 1150976K
  class space    used 14104K, capacity 15795K, committed 15920K, reserved 1048576K
Event: 36036.878 GC heap after
Heap after GC invocations=69 (full 5):
 PSYoungGen      total 148480K, used 6307K [0x00000000f5580000, 0x0000000100000000, 0x0000000100000000)
  eden space 121856K, 0% used [0x00000000f5580000,0x00000000f5580000,0x00000000fcc80000)
  from space 26624K, 23% used [0x00000000fe600000,0x00000000fec28e40,0x0000000100000000)
  to   space 26112K, 0% used [0x00000000fcc80000,0x00000000fcc80000,0x00000000fe600000)
 ParOldGen       total 175104K, used 150735K [0x00000000e0000000, 0x00000000eab00000, 0x00000000f5580000)
  object space 175104K, 86% used [0x00000000e0000000,0x00000000e9333c08,0x00000000eab00000)
 Metaspace       used 108442K, capacity 116406K, committed 116784K, reserved 1150976K
  class space    used 14104K, capacity 15795K, committed 15920K, reserved 1048576K
}
Event: 36046.694 GC heap before
{Heap before GC invocations=70 (full 5):
 PSYoungGen      total 148480K, used 128163K [0x00000000f5580000, 0x0000000100000000, 0x0000000100000000)
  eden space 121856K, 100% used [0x00000000f5580000,0x00000000fcc80000,0x00000000fcc80000)
  from space 26624K, 23% used [0x00000000fe600000,0x00000000fec28e40,0x0000000100000000)
  to   space 26112K, 0% used [0x00000000fcc80000,0x00000000fcc80000,0x00000000fe600000)
 ParOldGen       total 175104K, used 150735K [0x00000000e0000000, 0x00000000eab00000, 0x00000000f5580000)
  object space 175104K, 86% used [0x00000000e0000000,0x00000000e9333c08,0x00000000eab00000)
 Metaspace       used 109181K, capacity 117212K, committed 117296K, reserved 1150976K
  class space    used 14189K, capacity 15888K, committed 15920K, reserved 1048576K
Event: 36046.733 GC heap after
Heap after GC invocations=70 (full 5):
 PSYoungGen      total 147968K, used 16272K [0x00000000f5580000, 0x00000000fff80000, 0x0000000100000000)
  eden space 121856K, 0% used [0x00000000f5580000,0x00000000f5580000,0x00000000fcc80000)
  from space 26112K, 62% used [0x00000000fcc80000,0x00000000fdc641b0,0x00000000fe600000)
  to   space 26112K, 0% used [0x00000000fe600000,0x00000000fe600000,0x00000000fff80000)
 ParOldGen       total 175104K, used 151501K [0x00000000e0000000, 0x00000000eab00000, 0x00000000f5580000)
  object space 175104K, 86% used [0x00000000e0000000,0x00000000e93f3698,0x00000000eab00000)
 Metaspace       used 109181K, capacity 117212K, committed 117296K, reserved 1150976K
  class space    used 14189K, capacity 15888K, committed 15920K, reserved 1048576K
}

