# JRE version: Java(TM) SE Runtime Environment (8.0_221-b11) (build 1.8.0_221-b11)
# Java VM: Java HotSpot(TM) 64-Bit Server VM (25.221-b11 mixed mode windows-amd64 compressed oops)
Heap:
 PSYoungGen      total 123904K, used 10355K [0x00000000f5580000, 0x00000000ffe80000, 0x0000000100000000)
  eden space 76800K, 8% used [0x00000000f5580000,0x00000000f5bba6b0,0x00000000fa080000)
  from space 47104K, 8% used [0x00000000fd080000,0x00000000fd4628f0,0x00000000ffe80000)
  to   space 48128K, 0% used [0x00000000fa080000,0x00000000fa080000,0x00000000fcf80000)
 ParOldGen       total 321024K, used 242262K [0x00000000e0000000, 0x00000000f3980000, 0x00000000f5580000)
  object space 321024K, 75% used [0x00000000e0000000,0x00000000eec958b0,0x00000000f3980000)
 Metaspace       used 91378K, capacity 95994K, committed 96384K, reserved 1132544K
  class space    used 11980K, capacity 13066K, committed 13184K, reserved 1048576K
GC Heap History (10 events):
Event: 219.202 GC heap before
{Heap before GC invocations=42 (full 4):
 PSYoungGen      total 125952K, used 93645K [0x00000000f5580000, 0x00000000ffe80000, 0x0000000100000000)
  eden space 77312K, 100% used [0x00000000f5580000,0x00000000fa100000,0x00000000fa100000)
  from space 48640K, 33% used [0x00000000fa100000,0x00000000fb0f3498,0x00000000fd080000)
  to   space 45568K, 0% used [0x00000000fd200000,0x00000000fd200000,0x00000000ffe80000)
 ParOldGen       total 321024K, used 157612K [0x00000000e0000000, 0x00000000f3980000, 0x00000000f5580000)
  object space 321024K, 49% used [0x00000000e0000000,0x00000000e99eb280,0x00000000f3980000)
 Metaspace       used 90424K, capacity 94872K, committed 95488K, reserved 1132544K
  class space    used 11849K, capacity 12903K, committed 13056K, reserved 1048576K
Event: 219.306 GC heap after
Heap after GC invocations=42 (full 4):
 PSYoungGen      total 117760K, used 39986K [0x00000000f5580000, 0x0000000100000000, 0x0000000100000000)
  eden space 72192K, 0% used [0x00000000f5580000,0x00000000f5580000,0x00000000f9c00000)
  from space 45568K, 87% used [0x00000000fd200000,0x00000000ff90c918,0x00000000ffe80000)
  to   space 51200K, 0% used [0x00000000f9c00000,0x00000000f9c00000,0x00000000fce00000)
 ParOldGen       total 321024K, used 173560K [0x00000000e0000000, 0x00000000f3980000, 0x00000000f5580000)
  object space 321024K, 54% used [0x00000000e0000000,0x00000000ea97e1f0,0x00000000f3980000)
 Metaspace       used 90424K, capacity 94872K, committed 95488K, reserved 1132544K
  class space    used 11849K, capacity 12903K, committed 13056K, reserved 1048576K
}
Event: 220.957 GC heap before
{Heap before GC invocations=43 (full 4):
 PSYoungGen      total 117760K, used 112178K [0x00000000f5580000, 0x0000000100000000, 0x0000000100000000)
  eden space 72192K, 100% used [0x00000000f5580000,0x00000000f9c00000,0x00000000f9c00000)
  from space 45568K, 87% used [0x00000000fd200000,0x00000000ff90c918,0x00000000ffe80000)
  to   space 51200K, 0% used [0x00000000f9c00000,0x00000000f9c00000,0x00000000fce00000)
 ParOldGen       total 321024K, used 173560K [0x00000000e0000000, 0x00000000f3980000, 0x00000000f5580000)
  object space 321024K, 54% used [0x00000000e0000000,0x00000000ea97e1f0,0x00000000f3980000)
 Metaspace       used 90439K, capacity 94872K, committed 95488K, reserved 1132544K
  class space    used 11849K, capacity 12903K, committed 13056K, reserved 1048576K
Event: 221.124 GC heap after
Heap after GC invocations=43 (full 4):
 PSYoungGen      total 123392K, used 25521K [0x00000000f5580000, 0x0000000100000000, 0x0000000100000000)
  eden space 72192K, 0% used [0x00000000f5580000,0x00000000f5580000,0x00000000f9c00000)
  from space 51200K, 49% used [0x00000000f9c00000,0x00000000fb4ec4c0,0x00000000fce00000)
  to   space 50688K, 0% used [0x00000000fce80000,0x00000000fce80000,0x0000000100000000)
 ParOldGen       total 321024K, used 213389K [0x00000000e0000000, 0x00000000f3980000, 0x00000000f5580000)
  object space 321024K, 66% used [0x00000000e0000000,0x00000000ed063540,0x00000000f3980000)
 Metaspace       used 90439K, capacity 94872K, committed 95488K, reserved 1132544K
  class space    used 11849K, capacity 12903K, committed 13056K, reserved 1048576K
}
Event: 221.346 GC heap before
{Heap before GC invocations=44 (full 4):
 PSYoungGen      total 123392K, used 97713K [0x00000000f5580000, 0x0000000100000000, 0x0000000100000000)
  eden space 72192K, 100% used [0x00000000f5580000,0x00000000f9c00000,0x00000000f9c00000)
  from space 51200K, 49% used [0x00000000f9c00000,0x00000000fb4ec4c0,0x00000000fce00000)
  to   space 50688K, 0% used [0x00000000fce80000,0x00000000fce80000,0x0000000100000000)
 ParOldGen       total 321024K, used 213389K [0x00000000e0000000, 0x00000000f3980000, 0x00000000f5580000)
  object space 321024K, 66% used [0x00000000e0000000,0x00000000ed063540,0x00000000f3980000)
 Metaspace       used 90439K, capacity 94872K, committed 95488K, reserved 1132544K
  class space    used 11849K, capacity 12903K, committed 13056K, reserved 1048576K
Event: 221.435 GC heap after
Heap after GC invocations=44 (full 4):
 PSYoungGen      total 119808K, used 8520K [0x00000000f5580000, 0x00000000ffc80000, 0x0000000100000000)
  eden space 72704K, 0% used [0x00000000f5580000,0x00000000f5580000,0x00000000f9c80000)
  from space 47104K, 18% used [0x00000000fce80000,0x00000000fd6d2168,0x00000000ffc80000)
  to   space 49152K, 0% used [0x00000000f9c80000,0x00000000f9c80000,0x00000000fcc80000)
 ParOldGen       total 321024K, used 238633K [0x00000000e0000000, 0x00000000f3980000, 0x00000000f5580000)
  object space 321024K, 74% used [0x00000000e0000000,0x00000000ee90a6a0,0x00000000f3980000)
 Metaspace       used 90439K, capacity 94872K, committed 95488K, reserved 1132544K
  class space    used 11849K, capacity 12903K, committed 13056K, reserved 1048576K
}
Event: 225.245 GC heap before
{Heap before GC invocations=45 (full 4):
 PSYoungGen      total 119808K, used 81224K [0x00000000f5580000, 0x00000000ffc80000, 0x0000000100000000)
  eden space 72704K, 100% used [0x00000000f5580000,0x00000000f9c80000,0x00000000f9c80000)
  from space 47104K, 18% used [0x00000000fce80000,0x00000000fd6d2168,0x00000000ffc80000)
  to   space 49152K, 0% used [0x00000000f9c80000,0x00000000f9c80000,0x00000000fcc80000)
 ParOldGen       total 321024K, used 238633K [0x00000000e0000000, 0x00000000f3980000, 0x00000000f5580000)
  object space 321024K, 74% used [0x00000000e0000000,0x00000000ee90a6a0,0x00000000f3980000)
 Metaspace       used 91350K, capacity 95994K, committed 96384K, reserved 1132544K
  class space    used 11979K, capacity 13066K, committed 13184K, reserved 1048576K
Event: 225.275 GC heap after
Heap after GC invocations=45 (full 4):
 PSYoungGen      total 121856K, used 3377K [0x00000000f5580000, 0x0000000100000000, 0x0000000100000000)
  eden space 72704K, 0% used [0x00000000f5580000,0x00000000f5580000,0x00000000f9c80000)
  from space 49152K, 6% used [0x00000000f9c80000,0x00000000f9fcc6d8,0x00000000fcc80000)
  to   space 48640K, 0% used [0x00000000fd080000,0x00000000fd080000,0x0000000100000000)
 ParOldGen       total 321024K, used 239641K [0x00000000e0000000, 0x00000000f3980000, 0x00000000f5580000)
  object space 321024K, 74% used [0x00000000e0000000,0x00000000eea066a0,0x00000000f3980000)
 Metaspace       used 91350K, capacity 95994K, committed 96384K, reserved 1132544K
  class space    used 11979K, capacity 13066K, committed 13184K, reserved 1048576K
}
Event: 227.750 GC heap before
{Heap before GC invocations=46 (full 4):
 PSYoungGen      total 121856K, used 76081K [0x00000000f5580000, 0x0000000100000000, 0x0000000100000000)
  eden space 72704K, 100% used [0x00000000f5580000,0x00000000f9c80000,0x00000000f9c80000)
  from space 49152K, 6% used [0x00000000f9c80000,0x00000000f9fcc6d8,0x00000000fcc80000)
  to   space 48640K, 0% used [0x00000000fd080000,0x00000000fd080000,0x0000000100000000)
 ParOldGen       total 321024K, used 239641K [0x00000000e0000000, 0x00000000f3980000, 0x00000000f5580000)
  object space 321024K, 74% used [0x00000000e0000000,0x00000000eea066a0,0x00000000f3980000)
 Metaspace       used 91370K, capacity 95994K, committed 96384K, reserved 1132544K
  class space    used 11980K, capacity 13066K, committed 13184K, reserved 1048576K
Event: 227.764 GC heap after
Heap after GC invocations=46 (full 4):
 PSYoungGen      total 123904K, used 3978K [0x00000000f5580000, 0x00000000ffe80000, 0x0000000100000000)
  eden space 76800K, 0% used [0x00000000f5580000,0x00000000f5580000,0x00000000fa080000)
  from space 47104K, 8% used [0x00000000fd080000,0x00000000fd4628f0,0x00000000ffe80000)
  to   space 48128K, 0% used [0x00000000fa080000,0x00000000fa080000,0x00000000fcf80000)
 ParOldGen       total 321024K, used 242262K [0x00000000e0000000, 0x00000000f3980000, 0x00000000f5580000)
  object space 321024K, 75% used [0x00000000e0000000,0x00000000eec958b0,0x00000000f3980000)
 Metaspace       used 91370K, capacity 95994K, committed 96384K, reserved 1132544K
  class space    used 11980K, capacity 13066K, committed 13184K, reserved 1048576K
}

